{
  "RSpec": {
    "coverage": {
      "/Users/joel/Code/commonmark_parslet/commonmark_parslet.rb": [
        1,
        1,
        1,
        1,
        null,
        1,
        1,
        null,
        null,
        null,
        1,
        1,
        1,
        1
      ],
      "/Users/joel/Code/commonmark_parslet/lib/unicode_data/char_class.rb": [
        1,
        null,
        1,
        1,
        null,
        1,
        27269,
        null,
        1,
        null,
        715,
        3,
        null,
        null,
        null
      ],
      "/Users/joel/Code/commonmark_parslet/lib/parser/preliminaries.rb": [
        1,
        1,
        null,
        null,
        null,
        7,
        null,
        null,
        1,
        null,
        1,
        1,
        689,
        7,
        null,
        null,
        1,
        null,
        1,
        18,
        64,
        null,
        null,
        1,
        null,
        1,
        2,
        null,
        3,
        null,
        1,
        6,
        null,
        null,
        1,
        22,
        null,
        null,
        1,
        63,
        null,
        null,
        1,
        4,
        null,
        null,
        1,
        22,
        null,
        null,
        1,
        22,
        null,
        null,
        1,
        63,
        null,
        null,
        1,
        8,
        null,
        null,
        1,
        6,
        null,
        null,
        1,
        8,
        null,
        null,
        1,
        2,
        null,
        null,
        null,
        null,
        null,
        null,
        1,
        204,
        null,
        null,
        1,
        4134,
        null,
        null,
        1,
        1134,
        null,
        null,
        1,
        6,
        null,
        null
      ],
      "/Users/joel/Code/commonmark_parslet/lib/parser/leaf_block.rb": [
        1,
        1,
        null,
        1,
        1,
        2,
        null
      ],
      "/Users/joel/Code/commonmark_parslet/lib/parser/leaf_block/hrule.rb": [
        1,
        1,
        null,
        1,
        19,
        20,
        null,
        1,
        19,
        20,
        null,
        1,
        57,
        null,
        null,
        1,
        14,
        15,
        null,
        1,
        19,
        20,
        null
      ],
      "/Users/joel/Code/commonmark_parslet/lib/transform/html.rb": [
        1,
        null,
        null,
        1,
        null
      ]
    },
    "timestamp": 1421514678
  }
}
