{
  "RSpec": {
    "coverage": {
      "/Users/joel/Code/commonmark_parslet/spec/transform_spec.rb": [
        1,
        null,
        1,
        1,
        1,
        null,
        null,
        1,
        1,
        1,
        null,
        null,
        null
      ],
      "/Users/joel/Code/commonmark_parslet/spec/unicode_data_spec.rb": [
        1,
        null,
        1,
        2,
        null,
        1,
        null,
        1,
        null,
        null
      ]
    },
    "timestamp": 1421493279
  }
}
